\BOOKMARK [1][-]{section.1}{\376\377\220\011\230\230\200\314\146\157\116\313\176\315}{}% 1
\BOOKMARK [2][-]{subsection.1.1}{\376\377\226\077\134\024\203\050\155\167\236\330\165\307\116\313\176\315}{section.1}% 2
\BOOKMARK [2][-]{subsection.1.2}{\376\377\200\240\220\123\137\256\165\037\140\001\116\016\226\077\134\024\121\171\155\167\236\330\165\307\166\204\166\370\121\163\140\047\170\024\172\166}{section.1}% 3
\BOOKMARK [1][-]{section.2}{\376\377\147\120\145\231\116\016\145\271\154\325}{}% 4
\BOOKMARK [2][-]{subsection.2.1}{\376\377\145\160\143\156\147\145\156\220}{section.2}% 5
\BOOKMARK [2][-]{subsection.2.2}{\376\377\0001\0006\000S\000\040\142\151\130\236\133\120\155\113\136\217\142\200\147\057\116\313\176\315}{section.2}% 6
\BOOKMARK [2][-]{subsection.2.3}{\376\377\145\160\143\156\122\006\147\220\116\073\211\201\136\163\123\360}{section.2}% 7
\BOOKMARK [2][-]{subsection.2.4}{\376\377\155\113\136\217\145\160\143\156\131\004\164\006}{section.2}% 8
\BOOKMARK [2][-]{subsection.2.5}{\376\377\000A\000l\000p\000h\000a\000\040\131\032\150\067\140\047\122\006\147\220}{section.2}% 9
\BOOKMARK [2][-]{subsection.2.6}{\376\377\000B\000e\000t\000a\000\040\131\032\150\067\140\047\122\006\147\220}{section.2}% 10
\BOOKMARK [2][-]{subsection.2.7}{\376\377\176\304\225\364\162\151\171\315\176\304\142\020\135\356\137\002\122\006\147\220}{section.2}% 11
\BOOKMARK [2][-]{subsection.2.8}{\376\377\226\217\147\072\150\356\147\227\122\006\174\173\126\150}{section.2}% 12
\BOOKMARK [2][-]{subsection.2.9}{\376\377\176\304\225\364\122\237\200\375\135\356\137\002\140\047\122\006\147\220}{section.2}% 13
\BOOKMARK [1][-]{section.3}{\376\377\176\323\147\234\122\006\147\220}{}% 14
\BOOKMARK [2][-]{subsection.3.1}{\376\377\226\077\134\024\121\171\155\167\236\330\165\307\140\243\200\005\200\240\220\123\203\314\177\244\166\204\145\164\117\123\176\323\147\204\147\011\142\100\145\071\123\330}{section.3}% 15
\BOOKMARK [2][-]{subsection.3.2}{\376\377\226\077\134\024\121\171\155\167\236\330\165\307\140\243\200\005\200\240\220\123\137\256\165\037\162\151\176\304\142\020\166\204\166\370\133\371\131\061\214\003}{section.3}% 16
\BOOKMARK [2][-]{subsection.3.3}{\376\377\127\372\116\216\200\240\220\123\137\256\165\037\162\151\150\007\137\327\162\151\200\375\147\011\145\110\222\164\122\053\226\077\134\024\121\171\155\167\236\330\165\307\140\243\200\005}{section.3}% 17
\BOOKMARK [2][-]{subsection.3.4}{\376\377\226\077\134\024\121\171\155\167\236\330\165\307\140\243\200\005\166\204\200\240\220\123\137\256\165\037\162\151\122\237\200\375\131\061\214\003}{section.3}% 18
\BOOKMARK [1][-]{section.4}{\376\377\140\073\176\323\116\016\213\250\213\272}{}% 19
\BOOKMARK [1][-]{section.5}{\376\377\116\343\170\001\121\154\137\000}{}% 20
\BOOKMARK [1][-]{section*.8}{\376\377\123\302\200\003\145\207\163\056}{}% 21
